[2018-03-12 17:00:18,170] WARN [Controller-0-to-broker-0-send-thread]: Controller 0's connection to broker fe80:0:0:0:c410:23ff:fe4f:8834%11:9092 (id: 0 rack: null) was unsuccessful (kafka.controller.RequestSendThread)
java.net.SocketTimeoutException: Failed to connect within 30000 ms
	at kafka.controller.RequestSendThread.brokerReady(ControllerChannelManager.scala:270)
	at kafka.controller.RequestSendThread.doWork(ControllerChannelManager.scala:223)
	at kafka.utils.ShutdownableThread.run(ShutdownableThread.scala:64)
[2018-03-12 17:00:48,276] WARN [Controller-0-to-broker-0-send-thread]: Controller 0's connection to broker fe80:0:0:0:c410:23ff:fe4f:8834%11:9092 (id: 0 rack: null) was unsuccessful (kafka.controller.RequestSendThread)
java.net.SocketTimeoutException: Failed to connect within 30000 ms
	at kafka.controller.RequestSendThread.brokerReady(ControllerChannelManager.scala:270)
	at kafka.controller.RequestSendThread.doWork(ControllerChannelManager.scala:223)
	at kafka.utils.ShutdownableThread.run(ShutdownableThread.scala:64)
[2018-03-12 17:01:18,384] WARN [Controller-0-to-broker-0-send-thread]: Controller 0's connection to broker fe80:0:0:0:c410:23ff:fe4f:8834%11:9092 (id: 0 rack: null) was unsuccessful (kafka.controller.RequestSendThread)
java.net.SocketTimeoutException: Failed to connect within 30000 ms
	at kafka.controller.RequestSendThread.brokerReady(ControllerChannelManager.scala:270)
	at kafka.controller.RequestSendThread.doWork(ControllerChannelManager.scala:223)
	at kafka.utils.ShutdownableThread.run(ShutdownableThread.scala:64)
[2018-03-12 17:01:48,491] WARN [Controller-0-to-broker-0-send-thread]: Controller 0's connection to broker fe80:0:0:0:c410:23ff:fe4f:8834%11:9092 (id: 0 rack: null) was unsuccessful (kafka.controller.RequestSendThread)
java.net.SocketTimeoutException: Failed to connect within 30000 ms
	at kafka.controller.RequestSendThread.brokerReady(ControllerChannelManager.scala:270)
	at kafka.controller.RequestSendThread.doWork(ControllerChannelManager.scala:223)
	at kafka.utils.ShutdownableThread.run(ShutdownableThread.scala:64)
[2018-03-12 17:02:18,596] WARN [Controller-0-to-broker-0-send-thread]: Controller 0's connection to broker fe80:0:0:0:c410:23ff:fe4f:8834%11:9092 (id: 0 rack: null) was unsuccessful (kafka.controller.RequestSendThread)
java.net.SocketTimeoutException: Failed to connect within 30000 ms
	at kafka.controller.RequestSendThread.brokerReady(ControllerChannelManager.scala:270)
	at kafka.controller.RequestSendThread.doWork(ControllerChannelManager.scala:223)
	at kafka.utils.ShutdownableThread.run(ShutdownableThread.scala:64)
[2018-03-12 17:02:42,741] TRACE [Controller id=0] Checking need to trigger auto leader balancing (kafka.controller.KafkaController)
[2018-03-12 17:02:42,743] DEBUG [Controller id=0] Preferred replicas by broker Map(0 -> Map(demo-0 -> Vector(0))) (kafka.controller.KafkaController)
[2018-03-12 17:02:42,744] DEBUG [Controller id=0] Topics not in preferred replica Map() (kafka.controller.KafkaController)
[2018-03-12 17:02:42,744] TRACE [Controller id=0] Leader imbalance ratio for broker 0 is 0.0 (kafka.controller.KafkaController)
[2018-03-12 17:02:48,700] WARN [Controller-0-to-broker-0-send-thread]: Controller 0's connection to broker fe80:0:0:0:c410:23ff:fe4f:8834%11:9092 (id: 0 rack: null) was unsuccessful (kafka.controller.RequestSendThread)
java.net.SocketTimeoutException: Failed to connect within 30000 ms
	at kafka.controller.RequestSendThread.brokerReady(ControllerChannelManager.scala:270)
	at kafka.controller.RequestSendThread.doWork(ControllerChannelManager.scala:223)
	at kafka.utils.ShutdownableThread.run(ShutdownableThread.scala:64)
[2018-03-12 17:03:18,803] WARN [Controller-0-to-broker-0-send-thread]: Controller 0's connection to broker fe80:0:0:0:c410:23ff:fe4f:8834%11:9092 (id: 0 rack: null) was unsuccessful (kafka.controller.RequestSendThread)
java.net.SocketTimeoutException: Failed to connect within 30000 ms
	at kafka.controller.RequestSendThread.brokerReady(ControllerChannelManager.scala:270)
	at kafka.controller.RequestSendThread.doWork(ControllerChannelManager.scala:223)
	at kafka.utils.ShutdownableThread.run(ShutdownableThread.scala:64)
[2018-03-12 17:03:48,907] WARN [Controller-0-to-broker-0-send-thread]: Controller 0's connection to broker fe80:0:0:0:c410:23ff:fe4f:8834%11:9092 (id: 0 rack: null) was unsuccessful (kafka.controller.RequestSendThread)
java.net.SocketTimeoutException: Failed to connect within 30000 ms
	at kafka.controller.RequestSendThread.brokerReady(ControllerChannelManager.scala:270)
	at kafka.controller.RequestSendThread.doWork(ControllerChannelManager.scala:223)
	at kafka.utils.ShutdownableThread.run(ShutdownableThread.scala:64)
[2018-03-12 17:04:19,016] WARN [Controller-0-to-broker-0-send-thread]: Controller 0's connection to broker fe80:0:0:0:c410:23ff:fe4f:8834%11:9092 (id: 0 rack: null) was unsuccessful (kafka.controller.RequestSendThread)
java.net.SocketTimeoutException: Failed to connect within 30000 ms
	at kafka.controller.RequestSendThread.brokerReady(ControllerChannelManager.scala:270)
	at kafka.controller.RequestSendThread.doWork(ControllerChannelManager.scala:223)
	at kafka.utils.ShutdownableThread.run(ShutdownableThread.scala:64)
[2018-03-12 17:04:49,123] WARN [Controller-0-to-broker-0-send-thread]: Controller 0's connection to broker fe80:0:0:0:c410:23ff:fe4f:8834%11:9092 (id: 0 rack: null) was unsuccessful (kafka.controller.RequestSendThread)
java.net.SocketTimeoutException: Failed to connect within 30000 ms
	at kafka.controller.RequestSendThread.brokerReady(ControllerChannelManager.scala:270)
	at kafka.controller.RequestSendThread.doWork(ControllerChannelManager.scala:223)
	at kafka.utils.ShutdownableThread.run(ShutdownableThread.scala:64)
[2018-03-12 17:05:19,225] WARN [Controller-0-to-broker-0-send-thread]: Controller 0's connection to broker fe80:0:0:0:c410:23ff:fe4f:8834%11:9092 (id: 0 rack: null) was unsuccessful (kafka.controller.RequestSendThread)
java.net.SocketTimeoutException: Failed to connect within 30000 ms
	at kafka.controller.RequestSendThread.brokerReady(ControllerChannelManager.scala:270)
	at kafka.controller.RequestSendThread.doWork(ControllerChannelManager.scala:223)
	at kafka.utils.ShutdownableThread.run(ShutdownableThread.scala:64)
[2018-03-12 17:05:49,336] WARN [Controller-0-to-broker-0-send-thread]: Controller 0's connection to broker fe80:0:0:0:c410:23ff:fe4f:8834%11:9092 (id: 0 rack: null) was unsuccessful (kafka.controller.RequestSendThread)
java.net.SocketTimeoutException: Failed to connect within 30000 ms
	at kafka.controller.RequestSendThread.brokerReady(ControllerChannelManager.scala:270)
	at kafka.controller.RequestSendThread.doWork(ControllerChannelManager.scala:223)
	at kafka.utils.ShutdownableThread.run(ShutdownableThread.scala:64)
[2018-03-12 17:06:19,445] WARN [Controller-0-to-broker-0-send-thread]: Controller 0's connection to broker fe80:0:0:0:c410:23ff:fe4f:8834%11:9092 (id: 0 rack: null) was unsuccessful (kafka.controller.RequestSendThread)
java.net.SocketTimeoutException: Failed to connect within 30000 ms
	at kafka.controller.RequestSendThread.brokerReady(ControllerChannelManager.scala:270)
	at kafka.controller.RequestSendThread.doWork(ControllerChannelManager.scala:223)
	at kafka.utils.ShutdownableThread.run(ShutdownableThread.scala:64)
[2018-03-12 17:06:27,283] INFO [Controller id=0] New topics: [Set(tweet_stream)], deleted topics: [Set()], new partition replica assignment [Map(tweet_stream-0 -> Vector(0))] (kafka.controller.KafkaController)
[2018-03-12 17:06:27,284] INFO [Controller id=0] New topic creation callback for tweet_stream-0 (kafka.controller.KafkaController)
[2018-03-12 17:06:27,285] INFO [Controller id=0] New partition creation callback for tweet_stream-0 (kafka.controller.KafkaController)
[2018-03-12 17:06:27,285] INFO [PartitionStateMachine controllerId=0] Invoking state change to NewPartition for partitions tweet_stream-0 (kafka.controller.PartitionStateMachine)
[2018-03-12 17:06:27,285] INFO [ReplicaStateMachine controllerId=0] Invoking state change to NewReplica for replicas [Topic=tweet_stream,Partition=0,Replica=0] (kafka.controller.ReplicaStateMachine)
[2018-03-12 17:06:27,287] INFO [PartitionStateMachine controllerId=0] Invoking state change to OnlinePartition for partitions tweet_stream-0 (kafka.controller.PartitionStateMachine)
[2018-03-12 17:06:27,287] DEBUG [PartitionStateMachine controllerId=0] Live assigned replicas for partition tweet_stream-0 are: [List(0)] (kafka.controller.PartitionStateMachine)
[2018-03-12 17:06:27,287] DEBUG [PartitionStateMachine controllerId=0] Initializing leader and isr for partition tweet_stream-0 to (Leader:0,ISR:0,LeaderEpoch:0,ControllerEpoch:11) (kafka.controller.PartitionStateMachine)
[2018-03-12 17:06:27,295] INFO [ReplicaStateMachine controllerId=0] Invoking state change to OnlineReplica for replicas [Topic=tweet_stream,Partition=0,Replica=0] (kafka.controller.ReplicaStateMachine)
[2018-03-12 17:06:49,551] WARN [Controller-0-to-broker-0-send-thread]: Controller 0's connection to broker fe80:0:0:0:c410:23ff:fe4f:8834%11:9092 (id: 0 rack: null) was unsuccessful (kafka.controller.RequestSendThread)
java.net.SocketTimeoutException: Failed to connect within 30000 ms
	at kafka.controller.RequestSendThread.brokerReady(ControllerChannelManager.scala:270)
	at kafka.controller.RequestSendThread.doWork(ControllerChannelManager.scala:223)
	at kafka.utils.ShutdownableThread.run(ShutdownableThread.scala:64)
[2018-03-12 17:07:19,659] WARN [Controller-0-to-broker-0-send-thread]: Controller 0's connection to broker fe80:0:0:0:c410:23ff:fe4f:8834%11:9092 (id: 0 rack: null) was unsuccessful (kafka.controller.RequestSendThread)
java.net.SocketTimeoutException: Failed to connect within 30000 ms
	at kafka.controller.RequestSendThread.brokerReady(ControllerChannelManager.scala:270)
	at kafka.controller.RequestSendThread.doWork(ControllerChannelManager.scala:223)
	at kafka.utils.ShutdownableThread.run(ShutdownableThread.scala:64)
[2018-03-12 17:07:42,754] TRACE [Controller id=0] Checking need to trigger auto leader balancing (kafka.controller.KafkaController)
[2018-03-12 17:07:42,754] DEBUG [Controller id=0] Preferred replicas by broker Map(0 -> Map(demo-0 -> Vector(0), tweet_stream-0 -> Vector(0))) (kafka.controller.KafkaController)
[2018-03-12 17:07:42,754] DEBUG [Controller id=0] Topics not in preferred replica Map() (kafka.controller.KafkaController)
[2018-03-12 17:07:42,754] TRACE [Controller id=0] Leader imbalance ratio for broker 0 is 0.0 (kafka.controller.KafkaController)
[2018-03-12 17:07:49,765] WARN [Controller-0-to-broker-0-send-thread]: Controller 0's connection to broker fe80:0:0:0:c410:23ff:fe4f:8834%11:9092 (id: 0 rack: null) was unsuccessful (kafka.controller.RequestSendThread)
java.net.SocketTimeoutException: Failed to connect within 30000 ms
	at kafka.controller.RequestSendThread.brokerReady(ControllerChannelManager.scala:270)
	at kafka.controller.RequestSendThread.doWork(ControllerChannelManager.scala:223)
	at kafka.utils.ShutdownableThread.run(ShutdownableThread.scala:64)
[2018-03-12 17:08:19,874] WARN [Controller-0-to-broker-0-send-thread]: Controller 0's connection to broker fe80:0:0:0:c410:23ff:fe4f:8834%11:9092 (id: 0 rack: null) was unsuccessful (kafka.controller.RequestSendThread)
java.net.SocketTimeoutException: Failed to connect within 30000 ms
	at kafka.controller.RequestSendThread.brokerReady(ControllerChannelManager.scala:270)
	at kafka.controller.RequestSendThread.doWork(ControllerChannelManager.scala:223)
	at kafka.utils.ShutdownableThread.run(ShutdownableThread.scala:64)
[2018-03-12 17:08:49,978] WARN [Controller-0-to-broker-0-send-thread]: Controller 0's connection to broker fe80:0:0:0:c410:23ff:fe4f:8834%11:9092 (id: 0 rack: null) was unsuccessful (kafka.controller.RequestSendThread)
java.net.SocketTimeoutException: Failed to connect within 30000 ms
	at kafka.controller.RequestSendThread.brokerReady(ControllerChannelManager.scala:270)
	at kafka.controller.RequestSendThread.doWork(ControllerChannelManager.scala:223)
	at kafka.utils.ShutdownableThread.run(ShutdownableThread.scala:64)
[2018-03-12 17:09:20,080] WARN [Controller-0-to-broker-0-send-thread]: Controller 0's connection to broker fe80:0:0:0:c410:23ff:fe4f:8834%11:9092 (id: 0 rack: null) was unsuccessful (kafka.controller.RequestSendThread)
java.net.SocketTimeoutException: Failed to connect within 30000 ms
	at kafka.controller.RequestSendThread.brokerReady(ControllerChannelManager.scala:270)
	at kafka.controller.RequestSendThread.doWork(ControllerChannelManager.scala:223)
	at kafka.utils.ShutdownableThread.run(ShutdownableThread.scala:64)
[2018-03-12 17:09:50,188] WARN [Controller-0-to-broker-0-send-thread]: Controller 0's connection to broker fe80:0:0:0:c410:23ff:fe4f:8834%11:9092 (id: 0 rack: null) was unsuccessful (kafka.controller.RequestSendThread)
java.net.SocketTimeoutException: Failed to connect within 30000 ms
	at kafka.controller.RequestSendThread.brokerReady(ControllerChannelManager.scala:270)
	at kafka.controller.RequestSendThread.doWork(ControllerChannelManager.scala:223)
	at kafka.utils.ShutdownableThread.run(ShutdownableThread.scala:64)
[2018-03-12 17:10:20,294] WARN [Controller-0-to-broker-0-send-thread]: Controller 0's connection to broker fe80:0:0:0:c410:23ff:fe4f:8834%11:9092 (id: 0 rack: null) was unsuccessful (kafka.controller.RequestSendThread)
java.net.SocketTimeoutException: Failed to connect within 30000 ms
	at kafka.controller.RequestSendThread.brokerReady(ControllerChannelManager.scala:270)
	at kafka.controller.RequestSendThread.doWork(ControllerChannelManager.scala:223)
	at kafka.utils.ShutdownableThread.run(ShutdownableThread.scala:64)
[2018-03-12 17:10:50,400] WARN [Controller-0-to-broker-0-send-thread]: Controller 0's connection to broker fe80:0:0:0:c410:23ff:fe4f:8834%11:9092 (id: 0 rack: null) was unsuccessful (kafka.controller.RequestSendThread)
java.net.SocketTimeoutException: Failed to connect within 30000 ms
	at kafka.controller.RequestSendThread.brokerReady(ControllerChannelManager.scala:270)
	at kafka.controller.RequestSendThread.doWork(ControllerChannelManager.scala:223)
	at kafka.utils.ShutdownableThread.run(ShutdownableThread.scala:64)
[2018-03-12 17:11:20,507] WARN [Controller-0-to-broker-0-send-thread]: Controller 0's connection to broker fe80:0:0:0:c410:23ff:fe4f:8834%11:9092 (id: 0 rack: null) was unsuccessful (kafka.controller.RequestSendThread)
java.net.SocketTimeoutException: Failed to connect within 30000 ms
	at kafka.controller.RequestSendThread.brokerReady(ControllerChannelManager.scala:270)
	at kafka.controller.RequestSendThread.doWork(ControllerChannelManager.scala:223)
	at kafka.utils.ShutdownableThread.run(ShutdownableThread.scala:64)
[2018-03-12 17:11:50,612] WARN [Controller-0-to-broker-0-send-thread]: Controller 0's connection to broker fe80:0:0:0:c410:23ff:fe4f:8834%11:9092 (id: 0 rack: null) was unsuccessful (kafka.controller.RequestSendThread)
java.net.SocketTimeoutException: Failed to connect within 30000 ms
	at kafka.controller.RequestSendThread.brokerReady(ControllerChannelManager.scala:270)
	at kafka.controller.RequestSendThread.doWork(ControllerChannelManager.scala:223)
	at kafka.utils.ShutdownableThread.run(ShutdownableThread.scala:64)
[2018-03-12 17:12:20,720] WARN [Controller-0-to-broker-0-send-thread]: Controller 0's connection to broker fe80:0:0:0:c410:23ff:fe4f:8834%11:9092 (id: 0 rack: null) was unsuccessful (kafka.controller.RequestSendThread)
java.net.SocketTimeoutException: Failed to connect within 30000 ms
	at kafka.controller.RequestSendThread.brokerReady(ControllerChannelManager.scala:270)
	at kafka.controller.RequestSendThread.doWork(ControllerChannelManager.scala:223)
	at kafka.utils.ShutdownableThread.run(ShutdownableThread.scala:64)
[2018-03-12 17:12:39,127] DEBUG preRegister called. Server=com.sun.jmx.mbeanserver.JmxMBeanServer@66d3c617, name=log4j:logger=kafka.controller (kafka.controller)
[2018-03-12 17:12:41,711] TRACE [Controller id=0] Checking need to trigger auto leader balancing (kafka.controller.KafkaController)
[2018-03-12 17:12:41,711] DEBUG [Controller id=0] Preferred replicas by broker Map(0 -> Map(demo-0 -> Vector(0), tweet_stream-0 -> Vector(0))) (kafka.controller.KafkaController)
[2018-03-12 17:12:41,711] DEBUG [Controller id=0] Topics not in preferred replica Map() (kafka.controller.KafkaController)
[2018-03-12 17:12:41,711] TRACE [Controller id=0] Leader imbalance ratio for broker 0 is 0.0 (kafka.controller.KafkaController)
[2018-03-12 17:12:50,826] WARN [Controller-0-to-broker-0-send-thread]: Controller 0's connection to broker fe80:0:0:0:c410:23ff:fe4f:8834%11:9092 (id: 0 rack: null) was unsuccessful (kafka.controller.RequestSendThread)
java.net.SocketTimeoutException: Failed to connect within 30000 ms
	at kafka.controller.RequestSendThread.brokerReady(ControllerChannelManager.scala:270)
	at kafka.controller.RequestSendThread.doWork(ControllerChannelManager.scala:223)
	at kafka.utils.ShutdownableThread.run(ShutdownableThread.scala:64)
[2018-03-12 17:13:20,930] WARN [Controller-0-to-broker-0-send-thread]: Controller 0's connection to broker fe80:0:0:0:c410:23ff:fe4f:8834%11:9092 (id: 0 rack: null) was unsuccessful (kafka.controller.RequestSendThread)
java.net.SocketTimeoutException: Failed to connect within 30000 ms
	at kafka.controller.RequestSendThread.brokerReady(ControllerChannelManager.scala:270)
	at kafka.controller.RequestSendThread.doWork(ControllerChannelManager.scala:223)
	at kafka.utils.ShutdownableThread.run(ShutdownableThread.scala:64)
[2018-03-12 17:13:51,033] WARN [Controller-0-to-broker-0-send-thread]: Controller 0's connection to broker fe80:0:0:0:c410:23ff:fe4f:8834%11:9092 (id: 0 rack: null) was unsuccessful (kafka.controller.RequestSendThread)
java.net.SocketTimeoutException: Failed to connect within 30000 ms
	at kafka.controller.RequestSendThread.brokerReady(ControllerChannelManager.scala:270)
	at kafka.controller.RequestSendThread.doWork(ControllerChannelManager.scala:223)
	at kafka.utils.ShutdownableThread.run(ShutdownableThread.scala:64)
[2018-03-12 17:14:21,137] WARN [Controller-0-to-broker-0-send-thread]: Controller 0's connection to broker fe80:0:0:0:c410:23ff:fe4f:8834%11:9092 (id: 0 rack: null) was unsuccessful (kafka.controller.RequestSendThread)
java.net.SocketTimeoutException: Failed to connect within 30000 ms
	at kafka.controller.RequestSendThread.brokerReady(ControllerChannelManager.scala:270)
	at kafka.controller.RequestSendThread.doWork(ControllerChannelManager.scala:223)
	at kafka.utils.ShutdownableThread.run(ShutdownableThread.scala:64)
[2018-03-12 17:14:26,653] INFO [controller-event-thread]: Shutting down (kafka.controller.ControllerEventManager$ControllerEventThread)
[2018-03-12 17:14:26,653] INFO [controller-event-thread]: Stopped (kafka.controller.ControllerEventManager$ControllerEventThread)
[2018-03-12 17:14:26,653] INFO [controller-event-thread]: Shutdown completed (kafka.controller.ControllerEventManager$ControllerEventThread)
[2018-03-12 17:14:26,653] DEBUG [Controller id=0] Resigning (kafka.controller.KafkaController)
[2018-03-12 17:14:26,653] DEBUG [Controller id=0] De-registering IsrChangeNotificationListener (kafka.controller.KafkaController)
[2018-03-12 17:14:26,653] DEBUG [Controller id=0] De-registering logDirEventNotificationListener (kafka.controller.KafkaController)
[2018-03-12 17:14:26,653] INFO [PartitionStateMachine controllerId=0] Stopped partition state machine (kafka.controller.PartitionStateMachine)
[2018-03-12 17:14:26,654] INFO [ReplicaStateMachine controllerId=0] Stopped replica state machine (kafka.controller.ReplicaStateMachine)
[2018-03-12 17:14:26,654] INFO [Controller-0-to-broker-0-send-thread]: Shutting down (kafka.controller.RequestSendThread)
[2018-03-12 17:14:51,240] WARN [Controller-0-to-broker-0-send-thread]: Controller 0's connection to broker fe80:0:0:0:c410:23ff:fe4f:8834%11:9092 (id: 0 rack: null) was unsuccessful (kafka.controller.RequestSendThread)
java.net.SocketTimeoutException: Failed to connect within 30000 ms
	at kafka.controller.RequestSendThread.brokerReady(ControllerChannelManager.scala:270)
	at kafka.controller.RequestSendThread.doWork(ControllerChannelManager.scala:223)
	at kafka.utils.ShutdownableThread.run(ShutdownableThread.scala:64)
[2018-03-12 17:14:51,242] INFO [Controller-0-to-broker-0-send-thread]: Stopped (kafka.controller.RequestSendThread)
[2018-03-12 17:14:51,242] INFO [Controller-0-to-broker-0-send-thread]: Shutdown completed (kafka.controller.RequestSendThread)
[2018-03-12 17:14:51,243] INFO [Controller id=0] Resigned (kafka.controller.KafkaController)
[2018-03-12 17:14:57,516] INFO [controller-event-thread]: Starting (kafka.controller.ControllerEventManager$ControllerEventThread)
[2018-03-12 17:14:57,544] INFO [Controller id=0] 0 successfully elected as the controller (kafka.controller.KafkaController)
[2018-03-12 17:14:57,545] INFO [Controller id=0] Starting become controller state transition (kafka.controller.KafkaController)
[2018-03-12 17:14:57,547] INFO [Controller id=0] Initialized controller epoch to 11 and zk version 10 (kafka.controller.KafkaController)
[2018-03-12 17:14:57,550] INFO [Controller id=0] Incremented epoch to 12 (kafka.controller.KafkaController)
[2018-03-12 17:14:57,554] DEBUG [Controller id=0] Registering IsrChangeNotificationListener (kafka.controller.KafkaController)
[2018-03-12 17:14:57,563] DEBUG [Controller id=0] Registering logDirEventNotificationListener (kafka.controller.KafkaController)
[2018-03-12 17:14:57,592] INFO [Controller id=0] Partitions being reassigned: Map() (kafka.controller.KafkaController)
[2018-03-12 17:14:57,593] INFO [Controller id=0] Partitions already reassigned: Set() (kafka.controller.KafkaController)
[2018-03-12 17:14:57,594] INFO [Controller id=0] Resuming reassignment of partitions: Map() (kafka.controller.KafkaController)
[2018-03-12 17:14:57,595] INFO [Controller id=0] Currently active brokers in the cluster: Set() (kafka.controller.KafkaController)
[2018-03-12 17:14:57,595] INFO [Controller id=0] Currently shutting brokers in the cluster: Set() (kafka.controller.KafkaController)
[2018-03-12 17:14:57,596] INFO [Controller id=0] Current list of topics in the cluster: Set(tweet_stream, demo) (kafka.controller.KafkaController)
[2018-03-12 17:14:57,601] INFO [Controller id=0] List of topics to be deleted:  (kafka.controller.KafkaController)
[2018-03-12 17:14:57,601] INFO [Controller id=0] List of topics ineligible for deletion: demo,tweet_stream (kafka.controller.KafkaController)
[2018-03-12 17:14:57,617] INFO [ReplicaStateMachine controllerId=0] Started replica state machine with initial state -> Map([Topic=demo,Partition=0,Replica=0] -> ReplicaDeletionIneligible, [Topic=tweet_stream,Partition=0,Replica=0] -> ReplicaDeletionIneligible) (kafka.controller.ReplicaStateMachine)
[2018-03-12 17:14:57,632] INFO [PartitionStateMachine controllerId=0] Started partition state machine with initial state -> Map(demo-0 -> OfflinePartition, tweet_stream-0 -> OfflinePartition) (kafka.controller.PartitionStateMachine)
[2018-03-12 17:14:57,638] INFO [Controller id=0] Ready to serve as the new controller with epoch 12 (kafka.controller.KafkaController)
[2018-03-12 17:14:57,640] INFO [Controller id=0] Partitions undergoing preferred replica election:  (kafka.controller.KafkaController)
[2018-03-12 17:14:57,640] INFO [Controller id=0] Partitions that completed preferred replica election:  (kafka.controller.KafkaController)
[2018-03-12 17:14:57,640] INFO [Controller id=0] Skipping preferred replica election for partitions due to topic deletion:  (kafka.controller.KafkaController)
[2018-03-12 17:14:57,641] INFO [Controller id=0] Resuming preferred replica election for partitions:  (kafka.controller.KafkaController)
[2018-03-12 17:14:57,641] INFO [Controller id=0] Starting preferred replica leader election for partitions  (kafka.controller.KafkaController)
[2018-03-12 17:14:57,641] INFO [PartitionStateMachine controllerId=0] Invoking state change to OnlinePartition for partitions  (kafka.controller.PartitionStateMachine)
[2018-03-12 17:14:57,644] INFO [Controller id=0] Starting the controller scheduler (kafka.controller.KafkaController)
[2018-03-12 17:14:57,652] INFO [Controller id=0] Newly added brokers: 0, deleted brokers: , all live brokers: 0 (kafka.controller.KafkaController)
[2018-03-12 17:14:57,653] DEBUG [Channel manager on controller 0]: Controller 0 trying to connect to broker 0 (kafka.controller.ControllerChannelManager)
[2018-03-12 17:14:57,657] INFO [Controller-0-to-broker-0-send-thread]: Starting (kafka.controller.RequestSendThread)
[2018-03-12 17:14:57,658] INFO [Controller id=0] New broker startup callback for 0 (kafka.controller.KafkaController)
[2018-03-12 17:14:57,663] INFO [ReplicaStateMachine controllerId=0] Invoking state change to OnlineReplica for replicas [Topic=demo,Partition=0,Replica=0],[Topic=tweet_stream,Partition=0,Replica=0] (kafka.controller.ReplicaStateMachine)
[2018-03-12 17:14:57,670] INFO [Controller-0-to-broker-0-send-thread]: Controller 0 connected to 100.70.12.121:9092 (id: 0 rack: null) for sending state change requests (kafka.controller.RequestSendThread)
[2018-03-12 17:14:57,678] DEBUG [OfflinePartitionLeaderSelector]: Some broker in ISR is alive for demo-0. Select 0 from ISR 0 to be the leader. (kafka.controller.OfflinePartitionLeaderSelector)
[2018-03-12 17:14:57,678] INFO [OfflinePartitionLeaderSelector]: Selected new leader and ISR {"leader":0,"leader_epoch":6,"isr":[0]} for offline partition demo-0 (kafka.controller.OfflinePartitionLeaderSelector)
[2018-03-12 17:14:57,681] DEBUG [PartitionStateMachine controllerId=0] After leader election, leader cache for demo-0 is updated to (Leader:0,ISR:0,LeaderEpoch:6,ControllerEpoch:12) (kafka.controller.PartitionStateMachine)
[2018-03-12 17:14:57,683] DEBUG [OfflinePartitionLeaderSelector]: Some broker in ISR is alive for tweet_stream-0. Select 0 from ISR 0 to be the leader. (kafka.controller.OfflinePartitionLeaderSelector)
[2018-03-12 17:14:57,683] INFO [OfflinePartitionLeaderSelector]: Selected new leader and ISR {"leader":0,"leader_epoch":1,"isr":[0]} for offline partition tweet_stream-0 (kafka.controller.OfflinePartitionLeaderSelector)
[2018-03-12 17:14:57,685] DEBUG [PartitionStateMachine controllerId=0] After leader election, leader cache for tweet_stream-0 is updated to (Leader:0,ISR:0,LeaderEpoch:1,ControllerEpoch:12) (kafka.controller.PartitionStateMachine)
[2018-03-12 17:15:02,647] TRACE [Controller id=0] Checking need to trigger auto leader balancing (kafka.controller.KafkaController)
[2018-03-12 17:15:02,649] DEBUG [Controller id=0] Preferred replicas by broker Map(0 -> Map(demo-0 -> Vector(0), tweet_stream-0 -> Vector(0))) (kafka.controller.KafkaController)
[2018-03-12 17:15:02,655] DEBUG [Controller id=0] Topics not in preferred replica Map() (kafka.controller.KafkaController)
[2018-03-12 17:15:02,655] TRACE [Controller id=0] Leader imbalance ratio for broker 0 is 0.0 (kafka.controller.KafkaController)
[2018-03-12 17:17:45,351] DEBUG preRegister called. Server=com.sun.jmx.mbeanserver.JmxMBeanServer@66d3c617, name=log4j:logger=kafka.controller (kafka.controller)
[2018-03-12 17:17:45,771] INFO [Controller id=0] Shutting down broker 0 (kafka.controller.KafkaController)
[2018-03-12 17:17:45,772] DEBUG [Controller id=0] All shutting down brokers: 0 (kafka.controller.KafkaController)
[2018-03-12 17:17:45,772] DEBUG [Controller id=0] Live brokers:  (kafka.controller.KafkaController)
[2018-03-12 17:17:45,775] TRACE [Controller id=0] All leaders = demo-0 -> (Leader:0,ISR:0,LeaderEpoch:6,ControllerEpoch:12),tweet_stream-0 -> (Leader:0,ISR:0,LeaderEpoch:1,ControllerEpoch:12) (kafka.controller.KafkaController)
[2018-03-12 17:17:46,847] INFO [controller-event-thread]: Shutting down (kafka.controller.ControllerEventManager$ControllerEventThread)
[2018-03-12 17:17:46,847] INFO [controller-event-thread]: Stopped (kafka.controller.ControllerEventManager$ControllerEventThread)
[2018-03-12 17:17:46,848] INFO [controller-event-thread]: Shutdown completed (kafka.controller.ControllerEventManager$ControllerEventThread)
[2018-03-12 17:17:46,848] DEBUG [Controller id=0] Resigning (kafka.controller.KafkaController)
[2018-03-12 17:17:46,848] DEBUG [Controller id=0] De-registering IsrChangeNotificationListener (kafka.controller.KafkaController)
[2018-03-12 17:17:46,849] DEBUG [Controller id=0] De-registering logDirEventNotificationListener (kafka.controller.KafkaController)
[2018-03-12 17:17:46,849] INFO [PartitionStateMachine controllerId=0] Stopped partition state machine (kafka.controller.PartitionStateMachine)
[2018-03-12 17:17:46,850] INFO [ReplicaStateMachine controllerId=0] Stopped replica state machine (kafka.controller.ReplicaStateMachine)
[2018-03-12 17:17:46,850] INFO [Controller-0-to-broker-0-send-thread]: Shutting down (kafka.controller.RequestSendThread)
[2018-03-12 17:17:46,850] INFO [Controller-0-to-broker-0-send-thread]: Stopped (kafka.controller.RequestSendThread)
[2018-03-12 17:17:46,850] INFO [Controller-0-to-broker-0-send-thread]: Shutdown completed (kafka.controller.RequestSendThread)
[2018-03-12 17:17:46,851] INFO [Controller id=0] Resigned (kafka.controller.KafkaController)
[2018-03-12 17:22:44,680] INFO [controller-event-thread]: Starting (kafka.controller.ControllerEventManager$ControllerEventThread)
[2018-03-12 17:22:44,709] INFO [Controller id=0] 0 successfully elected as the controller (kafka.controller.KafkaController)
[2018-03-12 17:22:44,710] INFO [Controller id=0] Starting become controller state transition (kafka.controller.KafkaController)
[2018-03-12 17:22:44,711] INFO [Controller id=0] Initialized controller epoch to 12 and zk version 11 (kafka.controller.KafkaController)
[2018-03-12 17:22:44,714] INFO [Controller id=0] Incremented epoch to 13 (kafka.controller.KafkaController)
[2018-03-12 17:22:44,716] DEBUG [Controller id=0] Registering IsrChangeNotificationListener (kafka.controller.KafkaController)
[2018-03-12 17:22:44,725] DEBUG [Controller id=0] Registering logDirEventNotificationListener (kafka.controller.KafkaController)
[2018-03-12 17:22:44,749] INFO [Controller id=0] Partitions being reassigned: Map() (kafka.controller.KafkaController)
[2018-03-12 17:22:44,750] INFO [Controller id=0] Partitions already reassigned: Set() (kafka.controller.KafkaController)
[2018-03-12 17:22:44,751] INFO [Controller id=0] Resuming reassignment of partitions: Map() (kafka.controller.KafkaController)
[2018-03-12 17:22:44,752] INFO [Controller id=0] Currently active brokers in the cluster: Set() (kafka.controller.KafkaController)
[2018-03-12 17:22:44,753] INFO [Controller id=0] Currently shutting brokers in the cluster: Set() (kafka.controller.KafkaController)
[2018-03-12 17:22:44,753] INFO [Controller id=0] Current list of topics in the cluster: Set(tweet_stream, demo) (kafka.controller.KafkaController)
[2018-03-12 17:22:44,756] INFO [Controller id=0] List of topics to be deleted:  (kafka.controller.KafkaController)
[2018-03-12 17:22:44,756] INFO [Controller id=0] List of topics ineligible for deletion: demo,tweet_stream (kafka.controller.KafkaController)
[2018-03-12 17:22:44,772] INFO [ReplicaStateMachine controllerId=0] Started replica state machine with initial state -> Map([Topic=demo,Partition=0,Replica=0] -> ReplicaDeletionIneligible, [Topic=tweet_stream,Partition=0,Replica=0] -> ReplicaDeletionIneligible) (kafka.controller.ReplicaStateMachine)
[2018-03-12 17:22:44,789] INFO [PartitionStateMachine controllerId=0] Started partition state machine with initial state -> Map(demo-0 -> OfflinePartition, tweet_stream-0 -> OfflinePartition) (kafka.controller.PartitionStateMachine)
[2018-03-12 17:22:44,791] INFO [Controller id=0] Ready to serve as the new controller with epoch 13 (kafka.controller.KafkaController)
[2018-03-12 17:22:44,793] INFO [Controller id=0] Partitions undergoing preferred replica election:  (kafka.controller.KafkaController)
[2018-03-12 17:22:44,794] INFO [Controller id=0] Partitions that completed preferred replica election:  (kafka.controller.KafkaController)
[2018-03-12 17:22:44,794] INFO [Controller id=0] Skipping preferred replica election for partitions due to topic deletion:  (kafka.controller.KafkaController)
[2018-03-12 17:22:44,794] INFO [Controller id=0] Resuming preferred replica election for partitions:  (kafka.controller.KafkaController)
[2018-03-12 17:22:44,795] INFO [Controller id=0] Starting preferred replica leader election for partitions  (kafka.controller.KafkaController)
[2018-03-12 17:22:44,795] INFO [PartitionStateMachine controllerId=0] Invoking state change to OnlinePartition for partitions  (kafka.controller.PartitionStateMachine)
[2018-03-12 17:22:44,804] INFO [Controller id=0] Starting the controller scheduler (kafka.controller.KafkaController)
[2018-03-12 17:22:44,811] INFO [Controller id=0] Newly added brokers: 0, deleted brokers: , all live brokers: 0 (kafka.controller.KafkaController)
[2018-03-12 17:22:44,811] DEBUG [Channel manager on controller 0]: Controller 0 trying to connect to broker 0 (kafka.controller.ControllerChannelManager)
[2018-03-12 17:22:44,818] INFO [Controller-0-to-broker-0-send-thread]: Starting (kafka.controller.RequestSendThread)
[2018-03-12 17:22:44,818] INFO [Controller id=0] New broker startup callback for 0 (kafka.controller.KafkaController)
[2018-03-12 17:22:44,825] INFO [ReplicaStateMachine controllerId=0] Invoking state change to OnlineReplica for replicas [Topic=demo,Partition=0,Replica=0],[Topic=tweet_stream,Partition=0,Replica=0] (kafka.controller.ReplicaStateMachine)
[2018-03-12 17:22:44,835] INFO [Controller-0-to-broker-0-send-thread]: Controller 0 connected to 100.70.12.121:9092 (id: 0 rack: null) for sending state change requests (kafka.controller.RequestSendThread)
[2018-03-12 17:22:44,838] DEBUG [OfflinePartitionLeaderSelector]: Some broker in ISR is alive for demo-0. Select 0 from ISR 0 to be the leader. (kafka.controller.OfflinePartitionLeaderSelector)
[2018-03-12 17:22:44,839] INFO [OfflinePartitionLeaderSelector]: Selected new leader and ISR {"leader":0,"leader_epoch":7,"isr":[0]} for offline partition demo-0 (kafka.controller.OfflinePartitionLeaderSelector)
[2018-03-12 17:22:44,842] DEBUG [PartitionStateMachine controllerId=0] After leader election, leader cache for demo-0 is updated to (Leader:0,ISR:0,LeaderEpoch:7,ControllerEpoch:13) (kafka.controller.PartitionStateMachine)
[2018-03-12 17:22:44,844] DEBUG [OfflinePartitionLeaderSelector]: Some broker in ISR is alive for tweet_stream-0. Select 0 from ISR 0 to be the leader. (kafka.controller.OfflinePartitionLeaderSelector)
[2018-03-12 17:22:44,845] INFO [OfflinePartitionLeaderSelector]: Selected new leader and ISR {"leader":0,"leader_epoch":2,"isr":[0]} for offline partition tweet_stream-0 (kafka.controller.OfflinePartitionLeaderSelector)
[2018-03-12 17:22:44,851] DEBUG [PartitionStateMachine controllerId=0] After leader election, leader cache for tweet_stream-0 is updated to (Leader:0,ISR:0,LeaderEpoch:2,ControllerEpoch:13) (kafka.controller.PartitionStateMachine)
[2018-03-12 17:22:49,805] TRACE [Controller id=0] Checking need to trigger auto leader balancing (kafka.controller.KafkaController)
[2018-03-12 17:22:49,807] DEBUG [Controller id=0] Preferred replicas by broker Map(0 -> Map(demo-0 -> Vector(0), tweet_stream-0 -> Vector(0))) (kafka.controller.KafkaController)
[2018-03-12 17:22:49,808] DEBUG [Controller id=0] Topics not in preferred replica Map() (kafka.controller.KafkaController)
[2018-03-12 17:22:49,809] TRACE [Controller id=0] Leader imbalance ratio for broker 0 is 0.0 (kafka.controller.KafkaController)
[2018-03-12 17:27:49,818] TRACE [Controller id=0] Checking need to trigger auto leader balancing (kafka.controller.KafkaController)
[2018-03-12 17:27:49,819] DEBUG [Controller id=0] Preferred replicas by broker Map(0 -> Map(demo-0 -> Vector(0), tweet_stream-0 -> Vector(0))) (kafka.controller.KafkaController)
[2018-03-12 17:27:49,819] DEBUG [Controller id=0] Topics not in preferred replica Map() (kafka.controller.KafkaController)
[2018-03-12 17:27:49,819] TRACE [Controller id=0] Leader imbalance ratio for broker 0 is 0.0 (kafka.controller.KafkaController)
[2018-03-12 17:32:49,827] TRACE [Controller id=0] Checking need to trigger auto leader balancing (kafka.controller.KafkaController)
[2018-03-12 17:32:49,829] DEBUG [Controller id=0] Preferred replicas by broker Map(0 -> Map(demo-0 -> Vector(0), tweet_stream-0 -> Vector(0))) (kafka.controller.KafkaController)
[2018-03-12 17:32:49,829] DEBUG [Controller id=0] Topics not in preferred replica Map() (kafka.controller.KafkaController)
[2018-03-12 17:32:49,829] TRACE [Controller id=0] Leader imbalance ratio for broker 0 is 0.0 (kafka.controller.KafkaController)
[2018-03-12 17:37:49,836] TRACE [Controller id=0] Checking need to trigger auto leader balancing (kafka.controller.KafkaController)
[2018-03-12 17:37:49,838] DEBUG [Controller id=0] Preferred replicas by broker Map(0 -> Map(demo-0 -> Vector(0), tweet_stream-0 -> Vector(0))) (kafka.controller.KafkaController)
[2018-03-12 17:37:49,839] DEBUG [Controller id=0] Topics not in preferred replica Map() (kafka.controller.KafkaController)
[2018-03-12 17:37:49,839] TRACE [Controller id=0] Leader imbalance ratio for broker 0 is 0.0 (kafka.controller.KafkaController)
[2018-03-12 17:42:49,845] TRACE [Controller id=0] Checking need to trigger auto leader balancing (kafka.controller.KafkaController)
[2018-03-12 17:42:49,846] DEBUG [Controller id=0] Preferred replicas by broker Map(0 -> Map(demo-0 -> Vector(0), tweet_stream-0 -> Vector(0))) (kafka.controller.KafkaController)
[2018-03-12 17:42:49,846] DEBUG [Controller id=0] Topics not in preferred replica Map() (kafka.controller.KafkaController)
[2018-03-12 17:42:49,846] TRACE [Controller id=0] Leader imbalance ratio for broker 0 is 0.0 (kafka.controller.KafkaController)
