[2018-03-12 17:06:27,285] TRACE [Controller id=0 epoch=11] Changed partition tweet_stream-0 state from NonExistentPartition to NewPartition with assigned replicas 0 (state.change.logger)
[2018-03-12 17:06:27,286] TRACE [Controller id=0 epoch=11] Changed state of replica 0 for partition tweet_stream-0 from NonExistentReplica to NewReplica (state.change.logger)
[2018-03-12 17:06:27,294] TRACE [Controller id=0 epoch=11] Changed partition tweet_stream-0 from NewPartition to OnlinePartition with leader 0 (state.change.logger)
[2018-03-12 17:06:27,294] TRACE [Controller id=0 epoch=11] Sending become-leader LeaderAndIsr request PartitionState(controllerEpoch=11, leader=0, leaderEpoch=0, isr=0, zkVersion=0, replicas=0, isNew=true) to broker 0 for partition tweet_stream-0 (state.change.logger)
[2018-03-12 17:06:27,295] TRACE [Controller id=0 epoch=11] Sending UpdateMetadata request PartitionState(controllerEpoch=11, leader=0, leaderEpoch=0, isr=[0], zkVersion=0, replicas=[0], offlineReplicas=[]) to brokers Set(0) for partition tweet_stream-0 (state.change.logger)
[2018-03-12 17:06:27,295] TRACE [Controller id=0 epoch=11] Changed state of replica 0 for partition tweet_stream-0 from NewReplica to OnlineReplica (state.change.logger)
[2018-03-12 17:12:39,125] DEBUG preRegister called. Server=com.sun.jmx.mbeanserver.JmxMBeanServer@66d3c617, name=log4j:logger=state.change.logger (state.change.logger)
[2018-03-12 17:14:57,605] TRACE [Controller id=0 epoch=12] Sending UpdateMetadata request PartitionState(controllerEpoch=11, leader=0, leaderEpoch=0, isr=[0], zkVersion=0, replicas=[0], offlineReplicas=[0]) to brokers Set() for partition tweet_stream-0 (state.change.logger)
[2018-03-12 17:14:57,606] TRACE [Controller id=0 epoch=12] Sending UpdateMetadata request PartitionState(controllerEpoch=11, leader=0, leaderEpoch=5, isr=[0], zkVersion=5, replicas=[0], offlineReplicas=[0]) to brokers Set() for partition demo-0 (state.change.logger)
[2018-03-12 17:14:57,621] TRACE [Controller id=0 epoch=12] Started leader election for partition demo-0 (state.change.logger)
[2018-03-12 17:14:57,626] ERROR [Controller id=0 epoch=12] Initiated state change for partition demo-0 from OfflinePartition to OnlinePartition failed (state.change.logger)
kafka.common.NoReplicaOnlineException: No replica in ISR for partition demo-0 is alive. Live brokers are: [Set()], ISR brokers are: [0]
	at kafka.controller.OfflinePartitionLeaderSelector.selectLeader(PartitionLeaderSelector.scala:65)
	at kafka.controller.PartitionStateMachine.electLeaderForPartition(PartitionStateMachine.scala:303)
	at kafka.controller.PartitionStateMachine.kafka$controller$PartitionStateMachine$$handleStateChange(PartitionStateMachine.scala:163)
	at kafka.controller.PartitionStateMachine$$anonfun$triggerOnlinePartitionStateChange$3.apply(PartitionStateMachine.scala:84)
	at kafka.controller.PartitionStateMachine$$anonfun$triggerOnlinePartitionStateChange$3.apply(PartitionStateMachine.scala:81)
	at scala.collection.TraversableLike$WithFilter$$anonfun$foreach$1.apply(TraversableLike.scala:733)
	at scala.collection.mutable.HashMap$$anonfun$foreach$1.apply(HashMap.scala:130)
	at scala.collection.mutable.HashMap$$anonfun$foreach$1.apply(HashMap.scala:130)
	at scala.collection.mutable.HashTable$class.foreachEntry(HashTable.scala:236)
	at scala.collection.mutable.HashMap.foreachEntry(HashMap.scala:40)
	at scala.collection.mutable.HashMap.foreach(HashMap.scala:130)
	at scala.collection.TraversableLike$WithFilter.foreach(TraversableLike.scala:732)
	at kafka.controller.PartitionStateMachine.triggerOnlinePartitionStateChange(PartitionStateMachine.scala:81)
	at kafka.controller.PartitionStateMachine.startup(PartitionStateMachine.scala:58)
	at kafka.controller.KafkaController.onControllerFailover(KafkaController.scala:298)
	at kafka.controller.KafkaController.elect(KafkaController.scala:1681)
	at kafka.controller.KafkaController$Startup$.process(KafkaController.scala:1581)
	at kafka.controller.ControllerEventManager$ControllerEventThread$$anonfun$doWork$1.apply$mcV$sp(ControllerEventManager.scala:53)
	at kafka.controller.ControllerEventManager$ControllerEventThread$$anonfun$doWork$1.apply(ControllerEventManager.scala:53)
	at kafka.controller.ControllerEventManager$ControllerEventThread$$anonfun$doWork$1.apply(ControllerEventManager.scala:53)
	at kafka.metrics.KafkaTimer.time(KafkaTimer.scala:31)
	at kafka.controller.ControllerEventManager$ControllerEventThread.doWork(ControllerEventManager.scala:52)
	at kafka.utils.ShutdownableThread.run(ShutdownableThread.scala:64)
[2018-03-12 17:14:57,629] TRACE [Controller id=0 epoch=12] Started leader election for partition tweet_stream-0 (state.change.logger)
[2018-03-12 17:14:57,632] ERROR [Controller id=0 epoch=12] Initiated state change for partition tweet_stream-0 from OfflinePartition to OnlinePartition failed (state.change.logger)
kafka.common.NoReplicaOnlineException: No replica in ISR for partition tweet_stream-0 is alive. Live brokers are: [Set()], ISR brokers are: [0]
	at kafka.controller.OfflinePartitionLeaderSelector.selectLeader(PartitionLeaderSelector.scala:65)
	at kafka.controller.PartitionStateMachine.electLeaderForPartition(PartitionStateMachine.scala:303)
	at kafka.controller.PartitionStateMachine.kafka$controller$PartitionStateMachine$$handleStateChange(PartitionStateMachine.scala:163)
	at kafka.controller.PartitionStateMachine$$anonfun$triggerOnlinePartitionStateChange$3.apply(PartitionStateMachine.scala:84)
	at kafka.controller.PartitionStateMachine$$anonfun$triggerOnlinePartitionStateChange$3.apply(PartitionStateMachine.scala:81)
	at scala.collection.TraversableLike$WithFilter$$anonfun$foreach$1.apply(TraversableLike.scala:733)
	at scala.collection.mutable.HashMap$$anonfun$foreach$1.apply(HashMap.scala:130)
	at scala.collection.mutable.HashMap$$anonfun$foreach$1.apply(HashMap.scala:130)
	at scala.collection.mutable.HashTable$class.foreachEntry(HashTable.scala:236)
	at scala.collection.mutable.HashMap.foreachEntry(HashMap.scala:40)
	at scala.collection.mutable.HashMap.foreach(HashMap.scala:130)
	at scala.collection.TraversableLike$WithFilter.foreach(TraversableLike.scala:732)
	at kafka.controller.PartitionStateMachine.triggerOnlinePartitionStateChange(PartitionStateMachine.scala:81)
	at kafka.controller.PartitionStateMachine.startup(PartitionStateMachine.scala:58)
	at kafka.controller.KafkaController.onControllerFailover(KafkaController.scala:298)
	at kafka.controller.KafkaController.elect(KafkaController.scala:1681)
	at kafka.controller.KafkaController$Startup$.process(KafkaController.scala:1581)
	at kafka.controller.ControllerEventManager$ControllerEventThread$$anonfun$doWork$1.apply$mcV$sp(ControllerEventManager.scala:53)
	at kafka.controller.ControllerEventManager$ControllerEventThread$$anonfun$doWork$1.apply(ControllerEventManager.scala:53)
	at kafka.controller.ControllerEventManager$ControllerEventThread$$anonfun$doWork$1.apply(ControllerEventManager.scala:53)
	at kafka.metrics.KafkaTimer.time(KafkaTimer.scala:31)
	at kafka.controller.ControllerEventManager$ControllerEventThread.doWork(ControllerEventManager.scala:52)
	at kafka.utils.ShutdownableThread.run(ShutdownableThread.scala:64)
[2018-03-12 17:14:57,658] TRACE [Controller id=0 epoch=12] Sending UpdateMetadata request PartitionState(controllerEpoch=11, leader=0, leaderEpoch=0, isr=[0], zkVersion=0, replicas=[0], offlineReplicas=[]) to brokers Set(0) for partition tweet_stream-0 (state.change.logger)
[2018-03-12 17:14:57,658] TRACE [Controller id=0 epoch=12] Sending UpdateMetadata request PartitionState(controllerEpoch=11, leader=0, leaderEpoch=5, isr=[0], zkVersion=5, replicas=[0], offlineReplicas=[]) to brokers Set(0) for partition demo-0 (state.change.logger)
[2018-03-12 17:14:57,670] TRACE [Controller id=0 epoch=12] Changed state of replica 0 for partition demo-0 from ReplicaDeletionIneligible to OnlineReplica (state.change.logger)
[2018-03-12 17:14:57,670] TRACE [Controller id=0 epoch=12] Changed state of replica 0 for partition tweet_stream-0 from ReplicaDeletionIneligible to OnlineReplica (state.change.logger)
[2018-03-12 17:14:57,671] TRACE [Controller id=0 epoch=12] Sending become-leader LeaderAndIsr request PartitionState(controllerEpoch=11, leader=0, leaderEpoch=0, isr=0, zkVersion=0, replicas=0, isNew=false) to broker 0 for partition tweet_stream-0 (state.change.logger)
[2018-03-12 17:14:57,671] TRACE [Controller id=0 epoch=12] Sending become-leader LeaderAndIsr request PartitionState(controllerEpoch=11, leader=0, leaderEpoch=5, isr=0, zkVersion=5, replicas=0, isNew=false) to broker 0 for partition demo-0 (state.change.logger)
[2018-03-12 17:14:57,675] TRACE [Controller id=0 epoch=12] Sending UpdateMetadata request PartitionState(controllerEpoch=11, leader=0, leaderEpoch=0, isr=[0], zkVersion=0, replicas=[0], offlineReplicas=[]) to brokers Set(0) for partition tweet_stream-0 (state.change.logger)
[2018-03-12 17:14:57,675] TRACE [Controller id=0 epoch=12] Sending UpdateMetadata request PartitionState(controllerEpoch=11, leader=0, leaderEpoch=5, isr=[0], zkVersion=5, replicas=[0], offlineReplicas=[]) to brokers Set(0) for partition demo-0 (state.change.logger)
[2018-03-12 17:14:57,675] TRACE [Controller id=0 epoch=12] Started leader election for partition demo-0 (state.change.logger)
[2018-03-12 17:14:57,681] TRACE [Controller id=0 epoch=12] Elected leader 0 for Offline partition demo-0 (state.change.logger)
[2018-03-12 17:14:57,682] TRACE [Controller id=0 epoch=12] Changed partition demo-0 from OfflinePartition to OnlinePartition with leader 0 (state.change.logger)
[2018-03-12 17:14:57,682] TRACE [Controller id=0 epoch=12] Started leader election for partition tweet_stream-0 (state.change.logger)
[2018-03-12 17:14:57,685] TRACE [Controller id=0 epoch=12] Elected leader 0 for Offline partition tweet_stream-0 (state.change.logger)
[2018-03-12 17:14:57,685] TRACE [Controller id=0 epoch=12] Changed partition tweet_stream-0 from OfflinePartition to OnlinePartition with leader 0 (state.change.logger)
[2018-03-12 17:14:57,685] TRACE [Controller id=0 epoch=12] Sending become-leader LeaderAndIsr request PartitionState(controllerEpoch=12, leader=0, leaderEpoch=1, isr=0, zkVersion=1, replicas=0, isNew=false) to broker 0 for partition tweet_stream-0 (state.change.logger)
[2018-03-12 17:14:57,686] TRACE [Controller id=0 epoch=12] Sending become-leader LeaderAndIsr request PartitionState(controllerEpoch=12, leader=0, leaderEpoch=6, isr=0, zkVersion=6, replicas=0, isNew=false) to broker 0 for partition demo-0 (state.change.logger)
[2018-03-12 17:14:57,686] TRACE [Controller id=0 epoch=12] Sending UpdateMetadata request PartitionState(controllerEpoch=12, leader=0, leaderEpoch=1, isr=[0], zkVersion=1, replicas=[0], offlineReplicas=[]) to brokers Set(0) for partition tweet_stream-0 (state.change.logger)
[2018-03-12 17:14:57,686] TRACE [Controller id=0 epoch=12] Sending UpdateMetadata request PartitionState(controllerEpoch=12, leader=0, leaderEpoch=6, isr=[0], zkVersion=6, replicas=[0], offlineReplicas=[]) to brokers Set(0) for partition demo-0 (state.change.logger)
[2018-03-12 17:14:57,692] TRACE [Broker id=0] Cached leader info PartitionState(controllerEpoch=11, leader=0, leaderEpoch=0, isr=[0], zkVersion=0, replicas=[0], offlineReplicas=[]) for partition tweet_stream-0 in response to UpdateMetadata request sent by controller 0 epoch 12 with correlation id 0 (state.change.logger)
[2018-03-12 17:14:57,692] TRACE [Broker id=0] Cached leader info PartitionState(controllerEpoch=11, leader=0, leaderEpoch=5, isr=[0], zkVersion=5, replicas=[0], offlineReplicas=[]) for partition demo-0 in response to UpdateMetadata request sent by controller 0 epoch 12 with correlation id 0 (state.change.logger)
[2018-03-12 17:14:57,699] TRACE [Controller id=0 epoch=12] Received response {error_code=0} for a request sent to broker 100.70.12.121:9092 (id: 0 rack: null) (state.change.logger)
[2018-03-12 17:14:57,702] TRACE [Broker id=0] Received LeaderAndIsr request PartitionState(controllerEpoch=11, leader=0, leaderEpoch=0, isr=0, zkVersion=0, replicas=0, isNew=false) correlation id 1 from controller 0 epoch 12 for partition tweet_stream-0 (state.change.logger)
[2018-03-12 17:14:57,702] TRACE [Broker id=0] Received LeaderAndIsr request PartitionState(controllerEpoch=11, leader=0, leaderEpoch=5, isr=0, zkVersion=5, replicas=0, isNew=false) correlation id 1 from controller 0 epoch 12 for partition demo-0 (state.change.logger)
[2018-03-12 17:14:57,705] TRACE [Broker id=0] Handling LeaderAndIsr request correlationId 1 from controller 0 epoch 12 starting the become-leader transition for partition tweet_stream-0 (state.change.logger)
[2018-03-12 17:14:57,706] TRACE [Broker id=0] Handling LeaderAndIsr request correlationId 1 from controller 0 epoch 12 starting the become-leader transition for partition demo-0 (state.change.logger)
[2018-03-12 17:14:57,739] TRACE [Broker id=0] Stopped fetchers as part of become-leader request from controller 0 epoch 12 with correlation id 1 for partition tweet_stream-0 (last update controller epoch 11) (state.change.logger)
[2018-03-12 17:14:57,741] TRACE [Broker id=0] Stopped fetchers as part of become-leader request from controller 0 epoch 12 with correlation id 1 for partition demo-0 (last update controller epoch 11) (state.change.logger)
[2018-03-12 17:14:57,741] TRACE [Broker id=0] Completed LeaderAndIsr request correlationId 1 from controller 0 epoch 12 for the become-leader transition for partition tweet_stream-0 (state.change.logger)
[2018-03-12 17:14:57,742] TRACE [Broker id=0] Completed LeaderAndIsr request correlationId 1 from controller 0 epoch 12 for the become-leader transition for partition demo-0 (state.change.logger)
[2018-03-12 17:14:57,751] TRACE [Controller id=0 epoch=12] Received response {error_code=0,partitions=[{topic=tweet_stream,partition=0,error_code=0},{topic=demo,partition=0,error_code=0}]} for a request sent to broker 100.70.12.121:9092 (id: 0 rack: null) (state.change.logger)
[2018-03-12 17:14:57,754] TRACE [Broker id=0] Cached leader info PartitionState(controllerEpoch=11, leader=0, leaderEpoch=0, isr=[0], zkVersion=0, replicas=[0], offlineReplicas=[]) for partition tweet_stream-0 in response to UpdateMetadata request sent by controller 0 epoch 12 with correlation id 2 (state.change.logger)
[2018-03-12 17:14:57,754] TRACE [Broker id=0] Cached leader info PartitionState(controllerEpoch=11, leader=0, leaderEpoch=5, isr=[0], zkVersion=5, replicas=[0], offlineReplicas=[]) for partition demo-0 in response to UpdateMetadata request sent by controller 0 epoch 12 with correlation id 2 (state.change.logger)
[2018-03-12 17:14:57,758] TRACE [Controller id=0 epoch=12] Received response {error_code=0} for a request sent to broker 100.70.12.121:9092 (id: 0 rack: null) (state.change.logger)
[2018-03-12 17:14:57,759] TRACE [Broker id=0] Received LeaderAndIsr request PartitionState(controllerEpoch=12, leader=0, leaderEpoch=1, isr=0, zkVersion=1, replicas=0, isNew=false) correlation id 3 from controller 0 epoch 12 for partition tweet_stream-0 (state.change.logger)
[2018-03-12 17:14:57,759] TRACE [Broker id=0] Received LeaderAndIsr request PartitionState(controllerEpoch=12, leader=0, leaderEpoch=6, isr=0, zkVersion=6, replicas=0, isNew=false) correlation id 3 from controller 0 epoch 12 for partition demo-0 (state.change.logger)
[2018-03-12 17:14:57,760] TRACE [Broker id=0] Handling LeaderAndIsr request correlationId 3 from controller 0 epoch 12 starting the become-leader transition for partition tweet_stream-0 (state.change.logger)
[2018-03-12 17:14:57,760] TRACE [Broker id=0] Handling LeaderAndIsr request correlationId 3 from controller 0 epoch 12 starting the become-leader transition for partition demo-0 (state.change.logger)
[2018-03-12 17:14:57,761] INFO [Broker id=0] Skipped the become-leader state change after marking its partition as leader with correlation id 3 from controller 0 epoch 12 for partition tweet_stream-0 (last update controller epoch 12) since it is already the leader for the partition. (state.change.logger)
[2018-03-12 17:14:57,761] INFO [Broker id=0] Skipped the become-leader state change after marking its partition as leader with correlation id 3 from controller 0 epoch 12 for partition demo-0 (last update controller epoch 12) since it is already the leader for the partition. (state.change.logger)
[2018-03-12 17:14:57,761] TRACE [Broker id=0] Completed LeaderAndIsr request correlationId 3 from controller 0 epoch 12 for the become-leader transition for partition tweet_stream-0 (state.change.logger)
[2018-03-12 17:14:57,761] TRACE [Broker id=0] Completed LeaderAndIsr request correlationId 3 from controller 0 epoch 12 for the become-leader transition for partition demo-0 (state.change.logger)
[2018-03-12 17:14:57,762] TRACE [Controller id=0 epoch=12] Received response {error_code=0,partitions=[{topic=tweet_stream,partition=0,error_code=0},{topic=demo,partition=0,error_code=0}]} for a request sent to broker 100.70.12.121:9092 (id: 0 rack: null) (state.change.logger)
[2018-03-12 17:14:57,763] TRACE [Broker id=0] Cached leader info PartitionState(controllerEpoch=12, leader=0, leaderEpoch=1, isr=[0], zkVersion=1, replicas=[0], offlineReplicas=[]) for partition tweet_stream-0 in response to UpdateMetadata request sent by controller 0 epoch 12 with correlation id 4 (state.change.logger)
[2018-03-12 17:14:57,763] TRACE [Broker id=0] Cached leader info PartitionState(controllerEpoch=12, leader=0, leaderEpoch=6, isr=[0], zkVersion=6, replicas=[0], offlineReplicas=[]) for partition demo-0 in response to UpdateMetadata request sent by controller 0 epoch 12 with correlation id 4 (state.change.logger)
[2018-03-12 17:14:57,763] TRACE [Controller id=0 epoch=12] Received response {error_code=0} for a request sent to broker 100.70.12.121:9092 (id: 0 rack: null) (state.change.logger)
[2018-03-12 17:17:45,350] DEBUG preRegister called. Server=com.sun.jmx.mbeanserver.JmxMBeanServer@66d3c617, name=log4j:logger=state.change.logger (state.change.logger)
[2018-03-12 17:22:44,761] TRACE [Controller id=0 epoch=13] Sending UpdateMetadata request PartitionState(controllerEpoch=12, leader=0, leaderEpoch=1, isr=[0], zkVersion=1, replicas=[0], offlineReplicas=[0]) to brokers Set() for partition tweet_stream-0 (state.change.logger)
[2018-03-12 17:22:44,761] TRACE [Controller id=0 epoch=13] Sending UpdateMetadata request PartitionState(controllerEpoch=12, leader=0, leaderEpoch=6, isr=[0], zkVersion=6, replicas=[0], offlineReplicas=[0]) to brokers Set() for partition demo-0 (state.change.logger)
[2018-03-12 17:22:44,776] TRACE [Controller id=0 epoch=13] Started leader election for partition demo-0 (state.change.logger)
[2018-03-12 17:22:44,780] ERROR [Controller id=0 epoch=13] Initiated state change for partition demo-0 from OfflinePartition to OnlinePartition failed (state.change.logger)
kafka.common.NoReplicaOnlineException: No replica in ISR for partition demo-0 is alive. Live brokers are: [Set()], ISR brokers are: [0]
	at kafka.controller.OfflinePartitionLeaderSelector.selectLeader(PartitionLeaderSelector.scala:65)
	at kafka.controller.PartitionStateMachine.electLeaderForPartition(PartitionStateMachine.scala:303)
	at kafka.controller.PartitionStateMachine.kafka$controller$PartitionStateMachine$$handleStateChange(PartitionStateMachine.scala:163)
	at kafka.controller.PartitionStateMachine$$anonfun$triggerOnlinePartitionStateChange$3.apply(PartitionStateMachine.scala:84)
	at kafka.controller.PartitionStateMachine$$anonfun$triggerOnlinePartitionStateChange$3.apply(PartitionStateMachine.scala:81)
	at scala.collection.TraversableLike$WithFilter$$anonfun$foreach$1.apply(TraversableLike.scala:733)
	at scala.collection.mutable.HashMap$$anonfun$foreach$1.apply(HashMap.scala:130)
	at scala.collection.mutable.HashMap$$anonfun$foreach$1.apply(HashMap.scala:130)
	at scala.collection.mutable.HashTable$class.foreachEntry(HashTable.scala:236)
	at scala.collection.mutable.HashMap.foreachEntry(HashMap.scala:40)
	at scala.collection.mutable.HashMap.foreach(HashMap.scala:130)
	at scala.collection.TraversableLike$WithFilter.foreach(TraversableLike.scala:732)
	at kafka.controller.PartitionStateMachine.triggerOnlinePartitionStateChange(PartitionStateMachine.scala:81)
	at kafka.controller.PartitionStateMachine.startup(PartitionStateMachine.scala:58)
	at kafka.controller.KafkaController.onControllerFailover(KafkaController.scala:298)
	at kafka.controller.KafkaController.elect(KafkaController.scala:1681)
	at kafka.controller.KafkaController$Startup$.process(KafkaController.scala:1581)
	at kafka.controller.ControllerEventManager$ControllerEventThread$$anonfun$doWork$1.apply$mcV$sp(ControllerEventManager.scala:53)
	at kafka.controller.ControllerEventManager$ControllerEventThread$$anonfun$doWork$1.apply(ControllerEventManager.scala:53)
	at kafka.controller.ControllerEventManager$ControllerEventThread$$anonfun$doWork$1.apply(ControllerEventManager.scala:53)
	at kafka.metrics.KafkaTimer.time(KafkaTimer.scala:31)
	at kafka.controller.ControllerEventManager$ControllerEventThread.doWork(ControllerEventManager.scala:52)
	at kafka.utils.ShutdownableThread.run(ShutdownableThread.scala:64)
[2018-03-12 17:22:44,783] TRACE [Controller id=0 epoch=13] Started leader election for partition tweet_stream-0 (state.change.logger)
[2018-03-12 17:22:44,788] ERROR [Controller id=0 epoch=13] Initiated state change for partition tweet_stream-0 from OfflinePartition to OnlinePartition failed (state.change.logger)
kafka.common.NoReplicaOnlineException: No replica in ISR for partition tweet_stream-0 is alive. Live brokers are: [Set()], ISR brokers are: [0]
	at kafka.controller.OfflinePartitionLeaderSelector.selectLeader(PartitionLeaderSelector.scala:65)
	at kafka.controller.PartitionStateMachine.electLeaderForPartition(PartitionStateMachine.scala:303)
	at kafka.controller.PartitionStateMachine.kafka$controller$PartitionStateMachine$$handleStateChange(PartitionStateMachine.scala:163)
	at kafka.controller.PartitionStateMachine$$anonfun$triggerOnlinePartitionStateChange$3.apply(PartitionStateMachine.scala:84)
	at kafka.controller.PartitionStateMachine$$anonfun$triggerOnlinePartitionStateChange$3.apply(PartitionStateMachine.scala:81)
	at scala.collection.TraversableLike$WithFilter$$anonfun$foreach$1.apply(TraversableLike.scala:733)
	at scala.collection.mutable.HashMap$$anonfun$foreach$1.apply(HashMap.scala:130)
	at scala.collection.mutable.HashMap$$anonfun$foreach$1.apply(HashMap.scala:130)
	at scala.collection.mutable.HashTable$class.foreachEntry(HashTable.scala:236)
	at scala.collection.mutable.HashMap.foreachEntry(HashMap.scala:40)
	at scala.collection.mutable.HashMap.foreach(HashMap.scala:130)
	at scala.collection.TraversableLike$WithFilter.foreach(TraversableLike.scala:732)
	at kafka.controller.PartitionStateMachine.triggerOnlinePartitionStateChange(PartitionStateMachine.scala:81)
	at kafka.controller.PartitionStateMachine.startup(PartitionStateMachine.scala:58)
	at kafka.controller.KafkaController.onControllerFailover(KafkaController.scala:298)
	at kafka.controller.KafkaController.elect(KafkaController.scala:1681)
	at kafka.controller.KafkaController$Startup$.process(KafkaController.scala:1581)
	at kafka.controller.ControllerEventManager$ControllerEventThread$$anonfun$doWork$1.apply$mcV$sp(ControllerEventManager.scala:53)
	at kafka.controller.ControllerEventManager$ControllerEventThread$$anonfun$doWork$1.apply(ControllerEventManager.scala:53)
	at kafka.controller.ControllerEventManager$ControllerEventThread$$anonfun$doWork$1.apply(ControllerEventManager.scala:53)
	at kafka.metrics.KafkaTimer.time(KafkaTimer.scala:31)
	at kafka.controller.ControllerEventManager$ControllerEventThread.doWork(ControllerEventManager.scala:52)
	at kafka.utils.ShutdownableThread.run(ShutdownableThread.scala:64)
[2018-03-12 17:22:44,819] TRACE [Controller id=0 epoch=13] Sending UpdateMetadata request PartitionState(controllerEpoch=12, leader=0, leaderEpoch=1, isr=[0], zkVersion=1, replicas=[0], offlineReplicas=[]) to brokers Set(0) for partition tweet_stream-0 (state.change.logger)
[2018-03-12 17:22:44,819] TRACE [Controller id=0 epoch=13] Sending UpdateMetadata request PartitionState(controllerEpoch=12, leader=0, leaderEpoch=6, isr=[0], zkVersion=6, replicas=[0], offlineReplicas=[]) to brokers Set(0) for partition demo-0 (state.change.logger)
[2018-03-12 17:22:44,832] TRACE [Controller id=0 epoch=13] Changed state of replica 0 for partition demo-0 from ReplicaDeletionIneligible to OnlineReplica (state.change.logger)
[2018-03-12 17:22:44,832] TRACE [Controller id=0 epoch=13] Changed state of replica 0 for partition tweet_stream-0 from ReplicaDeletionIneligible to OnlineReplica (state.change.logger)
[2018-03-12 17:22:44,834] TRACE [Controller id=0 epoch=13] Sending become-leader LeaderAndIsr request PartitionState(controllerEpoch=12, leader=0, leaderEpoch=1, isr=0, zkVersion=1, replicas=0, isNew=false) to broker 0 for partition tweet_stream-0 (state.change.logger)
[2018-03-12 17:22:44,834] TRACE [Controller id=0 epoch=13] Sending become-leader LeaderAndIsr request PartitionState(controllerEpoch=12, leader=0, leaderEpoch=6, isr=0, zkVersion=6, replicas=0, isNew=false) to broker 0 for partition demo-0 (state.change.logger)
[2018-03-12 17:22:44,836] TRACE [Controller id=0 epoch=13] Sending UpdateMetadata request PartitionState(controllerEpoch=12, leader=0, leaderEpoch=1, isr=[0], zkVersion=1, replicas=[0], offlineReplicas=[]) to brokers Set(0) for partition tweet_stream-0 (state.change.logger)
[2018-03-12 17:22:44,836] TRACE [Controller id=0 epoch=13] Sending UpdateMetadata request PartitionState(controllerEpoch=12, leader=0, leaderEpoch=6, isr=[0], zkVersion=6, replicas=[0], offlineReplicas=[]) to brokers Set(0) for partition demo-0 (state.change.logger)
[2018-03-12 17:22:44,836] TRACE [Controller id=0 epoch=13] Started leader election for partition demo-0 (state.change.logger)
[2018-03-12 17:22:44,841] TRACE [Controller id=0 epoch=13] Elected leader 0 for Offline partition demo-0 (state.change.logger)
[2018-03-12 17:22:44,843] TRACE [Controller id=0 epoch=13] Changed partition demo-0 from OfflinePartition to OnlinePartition with leader 0 (state.change.logger)
[2018-03-12 17:22:44,843] TRACE [Controller id=0 epoch=13] Started leader election for partition tweet_stream-0 (state.change.logger)
[2018-03-12 17:22:44,850] TRACE [Controller id=0 epoch=13] Elected leader 0 for Offline partition tweet_stream-0 (state.change.logger)
[2018-03-12 17:22:44,851] TRACE [Controller id=0 epoch=13] Changed partition tweet_stream-0 from OfflinePartition to OnlinePartition with leader 0 (state.change.logger)
[2018-03-12 17:22:44,852] TRACE [Controller id=0 epoch=13] Sending become-leader LeaderAndIsr request PartitionState(controllerEpoch=13, leader=0, leaderEpoch=2, isr=0, zkVersion=2, replicas=0, isNew=false) to broker 0 for partition tweet_stream-0 (state.change.logger)
[2018-03-12 17:22:44,852] TRACE [Controller id=0 epoch=13] Sending become-leader LeaderAndIsr request PartitionState(controllerEpoch=13, leader=0, leaderEpoch=7, isr=0, zkVersion=7, replicas=0, isNew=false) to broker 0 for partition demo-0 (state.change.logger)
[2018-03-12 17:22:44,852] TRACE [Controller id=0 epoch=13] Sending UpdateMetadata request PartitionState(controllerEpoch=13, leader=0, leaderEpoch=2, isr=[0], zkVersion=2, replicas=[0], offlineReplicas=[]) to brokers Set(0) for partition tweet_stream-0 (state.change.logger)
[2018-03-12 17:22:44,852] TRACE [Controller id=0 epoch=13] Sending UpdateMetadata request PartitionState(controllerEpoch=13, leader=0, leaderEpoch=7, isr=[0], zkVersion=7, replicas=[0], offlineReplicas=[]) to brokers Set(0) for partition demo-0 (state.change.logger)
[2018-03-12 17:22:44,857] TRACE [Broker id=0] Cached leader info PartitionState(controllerEpoch=12, leader=0, leaderEpoch=1, isr=[0], zkVersion=1, replicas=[0], offlineReplicas=[]) for partition tweet_stream-0 in response to UpdateMetadata request sent by controller 0 epoch 13 with correlation id 0 (state.change.logger)
[2018-03-12 17:22:44,857] TRACE [Broker id=0] Cached leader info PartitionState(controllerEpoch=12, leader=0, leaderEpoch=6, isr=[0], zkVersion=6, replicas=[0], offlineReplicas=[]) for partition demo-0 in response to UpdateMetadata request sent by controller 0 epoch 13 with correlation id 0 (state.change.logger)
[2018-03-12 17:22:44,863] TRACE [Controller id=0 epoch=13] Received response {error_code=0} for a request sent to broker 100.70.12.121:9092 (id: 0 rack: null) (state.change.logger)
[2018-03-12 17:22:44,865] TRACE [Broker id=0] Received LeaderAndIsr request PartitionState(controllerEpoch=12, leader=0, leaderEpoch=1, isr=0, zkVersion=1, replicas=0, isNew=false) correlation id 1 from controller 0 epoch 13 for partition tweet_stream-0 (state.change.logger)
[2018-03-12 17:22:44,865] TRACE [Broker id=0] Received LeaderAndIsr request PartitionState(controllerEpoch=12, leader=0, leaderEpoch=6, isr=0, zkVersion=6, replicas=0, isNew=false) correlation id 1 from controller 0 epoch 13 for partition demo-0 (state.change.logger)
[2018-03-12 17:22:44,869] TRACE [Broker id=0] Handling LeaderAndIsr request correlationId 1 from controller 0 epoch 13 starting the become-leader transition for partition tweet_stream-0 (state.change.logger)
[2018-03-12 17:22:44,869] TRACE [Broker id=0] Handling LeaderAndIsr request correlationId 1 from controller 0 epoch 13 starting the become-leader transition for partition demo-0 (state.change.logger)
[2018-03-12 17:22:44,884] TRACE [Broker id=0] Stopped fetchers as part of become-leader request from controller 0 epoch 13 with correlation id 1 for partition tweet_stream-0 (last update controller epoch 12) (state.change.logger)
[2018-03-12 17:22:44,885] TRACE [Broker id=0] Stopped fetchers as part of become-leader request from controller 0 epoch 13 with correlation id 1 for partition demo-0 (last update controller epoch 12) (state.change.logger)
[2018-03-12 17:22:44,886] TRACE [Broker id=0] Completed LeaderAndIsr request correlationId 1 from controller 0 epoch 13 for the become-leader transition for partition tweet_stream-0 (state.change.logger)
[2018-03-12 17:22:44,886] TRACE [Broker id=0] Completed LeaderAndIsr request correlationId 1 from controller 0 epoch 13 for the become-leader transition for partition demo-0 (state.change.logger)
[2018-03-12 17:22:44,890] TRACE [Controller id=0 epoch=13] Received response {error_code=0,partitions=[{topic=tweet_stream,partition=0,error_code=0},{topic=demo,partition=0,error_code=0}]} for a request sent to broker 100.70.12.121:9092 (id: 0 rack: null) (state.change.logger)
[2018-03-12 17:22:44,903] TRACE [Broker id=0] Cached leader info PartitionState(controllerEpoch=12, leader=0, leaderEpoch=1, isr=[0], zkVersion=1, replicas=[0], offlineReplicas=[]) for partition tweet_stream-0 in response to UpdateMetadata request sent by controller 0 epoch 13 with correlation id 2 (state.change.logger)
[2018-03-12 17:22:44,903] TRACE [Broker id=0] Cached leader info PartitionState(controllerEpoch=12, leader=0, leaderEpoch=6, isr=[0], zkVersion=6, replicas=[0], offlineReplicas=[]) for partition demo-0 in response to UpdateMetadata request sent by controller 0 epoch 13 with correlation id 2 (state.change.logger)
[2018-03-12 17:22:44,904] TRACE [Controller id=0 epoch=13] Received response {error_code=0} for a request sent to broker 100.70.12.121:9092 (id: 0 rack: null) (state.change.logger)
[2018-03-12 17:22:44,905] TRACE [Broker id=0] Received LeaderAndIsr request PartitionState(controllerEpoch=13, leader=0, leaderEpoch=2, isr=0, zkVersion=2, replicas=0, isNew=false) correlation id 3 from controller 0 epoch 13 for partition tweet_stream-0 (state.change.logger)
[2018-03-12 17:22:44,905] TRACE [Broker id=0] Received LeaderAndIsr request PartitionState(controllerEpoch=13, leader=0, leaderEpoch=7, isr=0, zkVersion=7, replicas=0, isNew=false) correlation id 3 from controller 0 epoch 13 for partition demo-0 (state.change.logger)
[2018-03-12 17:22:44,905] TRACE [Broker id=0] Handling LeaderAndIsr request correlationId 3 from controller 0 epoch 13 starting the become-leader transition for partition tweet_stream-0 (state.change.logger)
[2018-03-12 17:22:44,905] TRACE [Broker id=0] Handling LeaderAndIsr request correlationId 3 from controller 0 epoch 13 starting the become-leader transition for partition demo-0 (state.change.logger)
[2018-03-12 17:22:44,906] INFO [Broker id=0] Skipped the become-leader state change after marking its partition as leader with correlation id 3 from controller 0 epoch 13 for partition tweet_stream-0 (last update controller epoch 13) since it is already the leader for the partition. (state.change.logger)
[2018-03-12 17:22:44,907] INFO [Broker id=0] Skipped the become-leader state change after marking its partition as leader with correlation id 3 from controller 0 epoch 13 for partition demo-0 (last update controller epoch 13) since it is already the leader for the partition. (state.change.logger)
[2018-03-12 17:22:44,907] TRACE [Broker id=0] Completed LeaderAndIsr request correlationId 3 from controller 0 epoch 13 for the become-leader transition for partition tweet_stream-0 (state.change.logger)
[2018-03-12 17:22:44,907] TRACE [Broker id=0] Completed LeaderAndIsr request correlationId 3 from controller 0 epoch 13 for the become-leader transition for partition demo-0 (state.change.logger)
[2018-03-12 17:22:44,909] TRACE [Controller id=0 epoch=13] Received response {error_code=0,partitions=[{topic=tweet_stream,partition=0,error_code=0},{topic=demo,partition=0,error_code=0}]} for a request sent to broker 100.70.12.121:9092 (id: 0 rack: null) (state.change.logger)
[2018-03-12 17:22:44,910] TRACE [Broker id=0] Cached leader info PartitionState(controllerEpoch=13, leader=0, leaderEpoch=2, isr=[0], zkVersion=2, replicas=[0], offlineReplicas=[]) for partition tweet_stream-0 in response to UpdateMetadata request sent by controller 0 epoch 13 with correlation id 4 (state.change.logger)
[2018-03-12 17:22:44,910] TRACE [Broker id=0] Cached leader info PartitionState(controllerEpoch=13, leader=0, leaderEpoch=7, isr=[0], zkVersion=7, replicas=[0], offlineReplicas=[]) for partition demo-0 in response to UpdateMetadata request sent by controller 0 epoch 13 with correlation id 4 (state.change.logger)
[2018-03-12 17:22:44,911] TRACE [Controller id=0 epoch=13] Received response {error_code=0} for a request sent to broker 100.70.12.121:9092 (id: 0 rack: null) (state.change.logger)
